C251 COMPILER V5.60.0,  board                                                              23/03/25  16:11:03  PAGE 1   


C251 COMPILER V5.60.0, COMPILATION OF MODULE board
OBJECT MODULE PLACED IN .\Objects\board.obj
COMPILER INVOKED BY: D:\keil5\C251\BIN\C251.EXE libraries\board.c XSMALL INTR2 FLOAT64 BROWSE INCDIR(.\user;.\libraries;
                    -.\seekfree_libraries;.\seekfree_peripheral) DEBUG PRINT(.\Listings\board.lst) OBJECT(.\Objects\board.obj) 

stmt  level    source

    1          /********************************************************************************************************
             -*************
    2           * COPYRIGHT NOTICE
    3           * Copyright (c) 2020,逐飞科技
    4           * All rights reserved.
    5           * 技术讨论QQ群：一群：179029047(已满)  二群：244861897(已满)  三群：824575535
    6           *
    7           * 以下所有内容版权均属逐飞科技所有，未经允许不得用于商业用途，
    8           * 欢迎各位使用并传播本程序，修改内容时必须保留逐飞科技的版权声明。
    9           *
   10           * @file                board
   11           * @company                     成都逐飞科技有限公司
   12           * @author              逐飞科技(QQ790875685)
   13           * @version             查看doc内version文件 版本说明
   14           * @Software            MDK FOR C251 V5.60
   15           * @Target core         STC32G12K128
   16           * @Taobao              https://seekfree.taobao.com/
   17           * @date                2020-4-14
   18           ********************************************************************************************************
             -************/
   19           
   20           
   21          #include "board.h"
   22          #include "zf_uart.h"
   23          #include "zf_tim.h"
   24          #include "zf_delay.h"
   25          
   26          //22.11MHz的IRC参数寄存器 0xFB
   27          //24MHz的IRC参数寄存器 0xFB
   28          #define IRC_22M (*((uint8  idata*)0xFA))
   29          #define IRC_24M (*((uint8  idata*)0xFB))
   30          
   31          
   32          //内核频率
   33          int32 sys_clk = FOSC;
   34          
   35          
   36          //-------------------------------------------------------------------------------------------------------
             -------------
   37          //  @brief      STC32G设置系统频率
   38          //  @param      NULL            空值
   39          //  @return     void            系统频率
   40          //  Sample usage:               
   41          //-------------------------------------------------------------------------------------------------------
             -------------
   42          uint32 set_clk(void)
   43          {
   44   1              
   45   1              P_SW2 |= 0x80;
   46   1      
   47   1              if(sys_clk == 22118400)
   48   1              {
   49   2                      //选择 22.1184MHz
   50   2                      CLKDIV = 0x04;
   51   2                      IRTRIM = T22M_ADDR;
   52   2                      VRTRIM = VRT27M_ADDR;
   53   2                      IRCBAND = 0x02;
   54   2                      CLKDIV = 0x00;
C251 COMPILER V5.60.0,  board                                                              23/03/25  16:11:03  PAGE 2   

   55   2              }
   56   1              else if(sys_clk == 24000000)
   57   1              {
   58   2                      //选择 24MHz
   59   2                      CLKDIV = 0x04;
   60   2                      IRTRIM = T24M_ADDR;
   61   2                      VRTRIM = VRT27M_ADDR;
   62   2                      IRCBAND = 0x02;
   63   2                      CLKDIV = 0x00;
   64   2              }
   65   1              else if(sys_clk == 27000000)
   66   1              {
   67   2                      //选择 27MHz
   68   2                      CLKDIV = 0x04;
   69   2                      IRTRIM = T27M_ADDR;
   70   2                      VRTRIM = VRT27M_ADDR;
   71   2                      IRCBAND = 0x02;
   72   2                      CLKDIV = 0x00;
   73   2              }
   74   1              else if(sys_clk == 30000000)
   75   1              {
   76   2              
   77   2                      //选择 30MHz
   78   2                      CLKDIV = 0x04;
   79   2                      IRTRIM = T30M_ADDR;
   80   2                      VRTRIM = VRT27M_ADDR;
   81   2                      IRCBAND = 0x02;
   82   2                      CLKDIV = 0x00;
   83   2              }
   84   1              else if(sys_clk == 33177600)
   85   1              {
   86   2                      //选择 33.1776MHz
   87   2                      CLKDIV = 0x04;
   88   2                      IRTRIM = T33M_ADDR;
   89   2                      VRTRIM = VRT27M_ADDR;
   90   2                      IRCBAND = 0x02;
   91   2                      CLKDIV = 0x00;
   92   2              }
   93   1              else if(sys_clk == 35000000)
   94   1              {
   95   2                      //选择 35MHz
   96   2                      CLKDIV = 0x04;
   97   2                      IRTRIM = T35M_ADDR;
   98   2                      VRTRIM = VRT44M_ADDR;
   99   2                      IRCBAND = 0x03;
  100   2                      CLKDIV = 0x00;
  101   2              }
  102   1              else
  103   1              {
  104   2                      sys_clk = 33177600;
  105   2                      //选择 33.1776MHz
  106   2                      CLKDIV = 0x04;
  107   2                      IRTRIM = T33M_ADDR;
  108   2                      VRTRIM = VRT27M_ADDR;
  109   2                      IRCBAND = 0x02;
  110   2                      CLKDIV = 0x00;
  111   2              }
  112   1      
  113   1              return sys_clk;
  114   1      }
  115          
  116          
  117          void board_init(void)
  118          {
  119   1              EAXFR = 1;                              // 使能访问XFR
  120   1              CKCON = 0x00;                   // 设置外部数据总线为最快
C251 COMPILER V5.60.0,  board                                                              23/03/25  16:11:03  PAGE 3   

  121   1              WTST = 0;               // 设置程序代码等待参数，赋值为0可将CPU执行程序的速度设置为最快
  122   1              SET_P54_RESRT;                  // 使P54为复位引脚
  123   1              P_SW2 = 0x80;                   // 开启特殊地址访问
  124   1      
  125   1      #if (1 == EXTERNAL_CRYSTA_ENABLE)
                       XOSCCR = 0xc0;                  //启动外部晶振
                       while (!(XOSCCR & 1));  //等待时钟稳定
                       CLKDIV = 0x00;                  //时钟不分频
                       CLKSEL = 0x01;                  //选择外部晶振
               #else
  131   1              //自动设置系统频率
  132   1              #if (0 == FOSC)
  133   1                      sys_clk = set_clk();
  134   1              #else
                               sys_clk = FOSC;
                       #endif
  137   1      #endif
  138   1      
  139   1              delay_init();                   //延时函数初始化
  140   1              
  141   1              WTST = 0;
  142   1          P_SW2 |= 0x80;
  143   1          CLKDIV = 0;                         //24MHz主频，分频设置
  144   1              
  145   1              P0M0 = 0x00;
  146   1              P0M1 = 0x00;
  147   1              P1M0 = 0x00;
  148   1              P1M1 = 0x00;
  149   1              P2M0 = 0x00;
  150   1              P2M1 = 0x00;
  151   1              P3M0 = 0x00;
  152   1              P3M1 = 0x00;
  153   1              P4M0 = 0x00;
  154   1              P4M1 = 0x00;
  155   1              P5M0 = 0x00;
  156   1              P5M1 = 0x00;
  157   1              P6M0 = 0x00;
  158   1              P6M1 = 0x00;
  159   1              P7M0 = 0x00;
  160   1              P7M1 = 0x00;
  161   1              
  162   1              ADCCFG = 0;
  163   1              AUXR = 0;
  164   1              SCON = 0;
  165   1              S2CON = 0;
  166   1              S3CON = 0;
  167   1              S4CON = 0;
  168   1              P_SW1 = 0;
  169   1              IE2 = 0;
  170   1              TMOD = 0;
  171   1      
  172   1      //      uart_init(DEBUG_UART, DEBUG_UART_RX_PIN, DEBUG_UART_TX_PIN, DEBUG_UART_BAUD, DEBUG_UART_TIM);
  173   1              EnableGlobalIRQ();
  174   1      }
  175          
  176          
  177          #if (1 == PRINTF_ENABLE)      //初始化调试串口
  178          //重定义printf 数字 只能输出uint16
  179          char putchar(char c)
  180          {
  181   1              uart_putchar(DEBUG_UART, c);//把自己实现的串口打印一字节数据的函数替换到这里
  182   1      
  183   1              return c;
  184   1      }
  185          #endif
  186          
C251 COMPILER V5.60.0,  board                                                              23/03/25  16:11:03  PAGE 4   

  187          void DisableGlobalIRQ(void)
  188          {
  189   1              EA = 0;
  190   1      }
  191          
  192          
  193          void EnableGlobalIRQ(void)
  194          {
  195   1              EA = 1;
  196   1      }
  197          


Module Information          Static   Overlayable
------------------------------------------------
  code size            =       435     ------
  ecode size           =    ------     ------
  data size            =    ------     ------
  idata size           =    ------     ------
  pdata size           =    ------     ------
  xdata size           =    ------     ------
  xdata-const size     =    ------     ------
  edata size           =         4     ------
  bit size             =    ------     ------
  ebit size            =    ------     ------
  bitaddressable size  =    ------     ------
  ebitaddressable size =    ------     ------
  far data size        =    ------     ------
  huge data size       =    ------     ------
  const size           =    ------     ------
  hconst size          =         8     ------
End of Module Information.


C251 COMPILATION COMPLETE.  0 WARNING(S),  0 ERROR(S)
