C251 COMPILER V5.60.0,  isr                                                                18/02/25  20:47:31  PAGE 1   


C251 COMPILER V5.60.0, COMPILATION OF MODULE isr
OBJECT MODULE PLACED IN .\Objects\isr.obj
COMPILER INVOKED BY: D:\keil5\C251\BIN\C251.EXE user\isr.c XSMALL INTR2 BROWSE INCDIR(.\user;.\libraries;.\seekfree_libr
                    -aries;.\seekfree_peripheral) DEBUG PRINT(.\Listings\isr.lst) OBJECT(.\Objects\isr.obj) 

stmt  level    source

    1          ///******************************************************************************************************
             -***************
    2          // * COPYRIGHT NOTICE
    3          // * Copyright (c) 2020,逐飞科技
    4          // * All rights reserved.
    5          // * 技术讨论QQ群：一群：179029047(已满)  二群：244861897(已满)  三群：824575535
    6          // *
    7          // * 以下所有内容版权均属逐飞科技所有，未经允许不得用于商业用途，
    8          // * 欢迎各位使用并传播本程序，修改内容时必须保留逐飞科技的版权声明。
    9          // *
   10          // * @file                      isr
   11          // * @company                   成都逐飞科技有限公司
   12          // * @author                    逐飞科技(QQ790875685)
   13          // * @version                   查看doc内version文件 版本说明
   14          // * @Software                  MDK FOR C251 V5.60
   15          // * @Target core               STC32G12K128
   16          // * @Taobao                    https://seekfree.taobao.com/
   17          // * @date                      2020-4-14
   18          // ******************************************************************************************************
             -**************/
   19          #include "main.h"
   20          
   21          
   22          //UART1中断
   23          void UART1_Isr() interrupt 4
   24          {
   25   1          uint8 res;
   26   1              static uint8 dwon_count;
   27   1          if(UART1_GET_TX_FLAG)
   28   1          {
   29   2              UART1_CLEAR_TX_FLAG;
   30   2              busy[1] = 0;
   31   2          }
   32   1          if(UART1_GET_RX_FLAG)
   33   1          {
   34   2              UART1_CLEAR_RX_FLAG;
   35   2              res = SBUF;
   36   2              //程序自动下载
   37   2              if(res == 0x7F)
   38   2              {
   39   3                  if(dwon_count++ > 20)
   40   3                      IAP_CONTR = 0x60;
   41   3              }
   42   2              else
   43   2              {
   44   3                  dwon_count = 0;
   45   3              }
   46   2          }
   47   1      }
   48          
   49          
   50          
   51          //UART2中断
   52          void UART2_Isr() interrupt 8
   53          {
   54   1          if(UART2_GET_TX_FLAG)
   55   1              {
   56   2              UART2_CLEAR_TX_FLAG;
C251 COMPILER V5.60.0,  isr                                                                18/02/25  20:47:31  PAGE 2   

   57   2                      busy[2] = 0;
   58   2              }
   59   1          if(UART2_GET_RX_FLAG)
   60   1              {
   61   2              UART2_CLEAR_RX_FLAG;
   62   2                      //接收数据寄存器为：S2BUF
   63   2      
   64   2      
   65   2              }
   66   1      }
   67          
   68          
   69          //UART3中断
   70          void UART3_Isr() interrupt 17
   71          {
   72   1          if(UART3_GET_TX_FLAG)
   73   1              {
   74   2              UART3_CLEAR_TX_FLAG;
   75   2                      busy[3] = 0;
   76   2              }
   77   1          if(UART3_GET_RX_FLAG)
   78   1              {
   79   2              UART3_CLEAR_RX_FLAG;
   80   2                      //接收数据寄存器为：S3BUF
   81   2      
   82   2              }
   83   1      }
   84          
   85          
   86          
   87          //UART4中断
   88          void UART4_Isr() interrupt 18
   89          {
   90   1          if(UART4_GET_TX_FLAG)
   91   1              {
   92   2              UART4_CLEAR_TX_FLAG;
   93   2                      busy[4] = 0;
   94   2              }
   95   1          if(UART4_GET_RX_FLAG)
   96   1              {
   97   2              UART4_CLEAR_RX_FLAG;
   98   2                      //接收数据寄存器为：S4BUF;
   99   2      
  100   2      
  101   2              }
  102   1      }
  103          
  104          
  105          
  106          //外部中断0
  107          void INT0_Isr() interrupt 0
  108          {
  109   1      
  110   1      }
  111          
  112          
  113          
  114          //外部中断1
  115          void INT1_Isr() interrupt 2
  116          {
  117   1      
  118   1      }
  119          
  120          
  121          
  122          //外部中断2
C251 COMPILER V5.60.0,  isr                                                                18/02/25  20:47:31  PAGE 3   

  123          void INT2_Isr() interrupt 10
  124          {
  125   1              INT2_CLEAR_FLAG;  //清除中断标志
  126   1              
  127   1      }
  128          
  129          
  130          
  131          //外部中断3
  132          void INT3_Isr() interrupt 11
  133          {
  134   1              INT3_CLEAR_FLAG;  //清除中断标志
  135   1              
  136   1      }
  137          
  138          
  139          
  140          //外部中断4
  141          void INT4_Isr() interrupt 16
  142          {
  143   1              INT4_CLEAR_FLAG;  //清除中断标志
  144   1              
  145   1      }
  146          
  147          
  148          
  149          //定时器0中断
  150          void TM0_Isr() interrupt 1
  151          {
  152   1      
  153   1      }
  154          
  155          
  156          
  157          //定时器1中断
  158          void TM1_Isr() interrupt 3
  159          {
  160   1      
  161   1              
  162   1      }
  163          
  164          
  165          
  166          //定时器2中断
  167          void TM2_Isr() interrupt 12
  168          {
  169   1              TIM2_CLEAR_FLAG;  //清除中断标志
  170   1              
  171   1      }
  172          
  173          
  174          
  175          //定时器3中断
  176          void TM3_Isr() interrupt 19
  177          {
  178   1              TIM3_CLEAR_FLAG; //清除中断标志
  179   1              
  180   1              
  181   1      }
  182          
  183          
  184          
  185          //定时器4中断
  186          void TM4_Isr() interrupt 20
  187          {
  188   1              TIM4_CLEAR_FLAG; //清除中断标志
C251 COMPILER V5.60.0,  isr                                                                18/02/25  20:47:31  PAGE 4   

  189   1      
  190   1      
  191   1      }
  192          
  193          
  194          //void  INT0_Isr()  interrupt 0;
  195          //void  TM0_Isr()   interrupt 1;
  196          //void  INT1_Isr()  interrupt 2;
  197          //void  TM1_Isr()   interrupt 3;
  198          //void  UART1_Isr() interrupt 4;
  199          //void  ADC_Isr()   interrupt 5;
  200          //void  LVD_Isr()   interrupt 6;
  201          //void  PCA_Isr()   interrupt 7;
  202          //void  UART2_Isr() interrupt 8;
  203          //void  SPI_Isr()   interrupt 9;
  204          //void  INT2_Isr()  interrupt 10;
  205          //void  INT3_Isr()  interrupt 11;
  206          //void  TM2_Isr()   interrupt 12;
  207          //void  INT4_Isr()  interrupt 16;
  208          //void  UART3_Isr() interrupt 17;
  209          //void  UART4_Isr() interrupt 18;
  210          //void  TM3_Isr()   interrupt 19;
  211          //void  TM4_Isr()   interrupt 20;
  212          //void  CMP_Isr()   interrupt 21;
  213          //void  I2C_Isr()   interrupt 24;
  214          //void  USB_Isr()   interrupt 25;
  215          //void  PWM1_Isr()  interrupt 26;
  216          //void  PWM2_Isr()  interrupt 27;


Module Information          Static   Overlayable
------------------------------------------------
  code size            =       245     ------
  ecode size           =    ------     ------
  data size            =    ------     ------
  idata size           =    ------     ------
  pdata size           =    ------     ------
  xdata size           =    ------     ------
  xdata-const size     =    ------     ------
  edata size           =         1     ------
  bit size             =    ------     ------
  ebit size            =    ------     ------
  bitaddressable size  =    ------     ------
  ebitaddressable size =    ------     ------
  far data size        =    ------     ------
  huge data size       =    ------     ------
  const size           =    ------     ------
  hconst size          =    ------     ------
End of Module Information.


C251 COMPILATION COMPLETE.  0 WARNING(S),  0 ERROR(S)
