C251 COMPILER V5.60.0,  main                                                               23/03/25  16:11:09  PAGE 1   


C251 COMPILER V5.60.0, COMPILATION OF MODULE main
OBJECT MODULE PLACED IN .\Objects\main.obj
COMPILER INVOKED BY: D:\keil5\C251\BIN\C251.EXE user\main.c XSMALL INTR2 FLOAT64 BROWSE INCDIR(.\user;.\libraries;.\seek
                    -free_libraries;.\seekfree_peripheral) DEBUG PRINT(.\Listings\main.lst) OBJECT(.\Objects\main.obj) 

stmt  level    source

    1          #include "main.h"
    2          #include "isr.h"
    3          #include "motor.h"
    4          #include "encoder.h"
    5          #include "filter.h"
    6          
    7          void main(void)
    8          {
    9   1              board_init();// 初始化寄存器,不能删
   10   1              
   11   1              uart_init(UART_4, UART4_RX_P02, UART4_TX_P03, 115200, TIM_4);
   12   1              
   13   1              pit_timer_ms(TIM_2, 10);
   14   1              
   15   1              motor_init();
   16   1              encoder_init();
   17   1              
   18   1              imu963ra_init();
   19   1              
   20   1              Kalman_Init(&imu693_kf, 0.98, 0.02, imu693kf_Q, imu693kf_R, 0.0);
   21   1              
   22   1              
   23   1              
   24   1          while(1)
   25   1              {
   26   2                      //串口接收
   27   2                      if(g_RxPointer != 0)
   28   2                      {
   29   3                              int temp = g_RxPointer;
   30   3                              delay_ms(4);
   31   3                              
   32   3                              if(temp == g_RxPointer)
   33   3                              {
   34   4                                      uart4_interrupt_callback();
   35   4                              }
   36   3                      }
   37   2                      
   38   2                      
   39   2                      
   40   2                      if (flag == 1)
   41   2                      {
   42   3                              
   43   3                              flag = 0;
   44   3                      }
   45   2      
   46   2                      
   47   2      //              sprintf(g_TxData, "%d,%d,%d\n", g_EncoderLeft, g_RightPoint, g_EncoderRight);
   48   2      //              uart_putstr(UART_4, g_TxData);
   49   2                      
   50   2                      sprintf(g_TxData, "%f,%f,%f,%d,%d\n",Gyro_Z, filtered_GyroZ, g_IMU693Point, g_EncoderLeft, g_EncoderRig
             -ht);
   51   2                      uart_putstr(UART_4, g_TxData);
   52   2                      
   53   2                      
   54   2          }
   55   1      }


C251 COMPILER V5.60.0,  main                                                               23/03/25  16:11:09  PAGE 2   

Module Information          Static   Overlayable
------------------------------------------------
  code size            =       261     ------
  ecode size           =    ------     ------
  data size            =    ------     ------
  idata size           =    ------     ------
  pdata size           =    ------     ------
  xdata size           =    ------     ------
  xdata-const size     =    ------     ------
  edata size           =    ------     ------
  bit size             =    ------     ------
  ebit size            =    ------     ------
  bitaddressable size  =    ------     ------
  ebitaddressable size =    ------     ------
  far data size        =    ------     ------
  huge data size       =    ------     ------
  const size           =    ------     ------
  hconst size          =        16     ------
End of Module Information.


C251 COMPILATION COMPLETE.  0 WARNING(S),  0 ERROR(S)
